<?xml version="1.0" encoding="UTF-8"?>
<testsuite xmlns:xsi="http://www.w3.org/2001/XMLSchema-instance" xsi:noNamespaceSchemaLocation="https://maven.apache.org/surefire/maven-surefire-plugin/xsd/surefire-test-report.xsd" name="com.siteminder.email.utils.EmailValidatorTest" time="0.009" tests="4" errors="0" skipped="0" failures="0">
  <properties>
[...]
</properties>
  <testcase name="GivenValidEmail_WhenValidated_ThenIsValid" classname="com.siteminder.email.utils.EmailValidatorTest" time="0.003"/>
  <testcase name="GivenEmptyEmail_WhenValidated_ThenIsInvalid" classname="com.siteminder.email.utils.EmailValidatorTest" time="0"/>
  <testcase name="GivenNullEmail_WhenValidated_ThenIsInvalid" classname="com.siteminder.email.utils.EmailValidatorTest" time="0.001"/>
  <testcase name="GivenInvalidEmails_WhenValidated_ThenAreInvalid" classname="com.siteminder.email.utils.EmailValidatorTest" time="0.001"/>
</testsuite>